<?xml version="1.0" encoding="UTF-8"?>
<testsuite xmlns:xsi="http://www.w3.org/2001/XMLSchema-instance" xsi:noNamespaceSchemaLocation="https://maven.apache.org/surefire/maven-surefire-plugin/xsd/surefire-test-report-3.0.xsd" version="3.0" name="com.portfolio.app.PortfolioApplicationTests" time="117.688" tests="1" errors="0" skipped="0" failures="0">
  <properties>
[...]
</properties>
  <testcase name="contextLoads" classname="com.portfolio.app.PortfolioApplicationTests" time="0.583">
    <system-out><![CDATA[09:53:35.487 [main] INFO org.springframework.test.context.support.AnnotationConfigContextLoaderUtils -- Could not detect default configuration classes for test class [com.portfolio.app.PortfolioApplicationTests]: PortfolioApplicationTests does not declare any static, non-private, non-final, nested classes annotated with @Configuration.
09:53:35.622 [main] INFO org.springframework.boot.test.context.SpringBootTestContextBootstrapper -- Found @SpringBootConfiguration com.portfolio.app.PortfolioApplication for test class com.portfolio.app.PortfolioApplicationTests

  .   ____          _            __ _ _
 /\\ / ___'_ __ _ _(_)_ __  __ _ \ \ \ \
( ( )\___ | '_ | '_| | '_ \/ _` | \ \ \ \
 \\/  ___)| |_)| | | | | || (_| |  ) ) ) )
  '  |____| .__|_| |_|_| |_\__, | / / / /
 =========|_|==============|___/=/_/_/_/
 :: Spring Boot ::                (v3.1.0)

2023-05-22T09:53:36.108-03:00  INFO 14184 --- [           main] c.p.app.PortfolioApplicationTests        : Starting PortfolioApplicationTests using Java 17.0.7 with PID 14184 (started by dayor in C:\Users\dayor\OneDrive\Escritorio\Portfolio\Portfolio-BackEnd)
2023-05-22T09:53:36.111-03:00  INFO 14184 --- [           main] c.p.app.PortfolioApplicationTests        : No active profile set, falling back to 1 default profile: "default"
2023-05-22T09:53:36.968-03:00  INFO 14184 --- [           main] .s.d.r.c.RepositoryConfigurationDelegate : Bootstrapping Spring Data JPA repositories in DEFAULT mode.
2023-05-22T09:53:37.066-03:00  INFO 14184 --- [           main] .s.d.r.c.RepositoryConfigurationDelegate : Finished Spring Data repository scanning in 88 ms. Found 6 JPA repository interfaces.
2023-05-22T09:53:37.668-03:00  INFO 14184 --- [           main] o.hibernate.jpa.internal.util.LogHelper  : HHH000204: Processing PersistenceUnitInfo [name: default]
2023-05-22T09:53:37.751-03:00  INFO 14184 --- [           main] org.hibernate.Version                    : HHH000412: Hibernate ORM core version 6.2.2.Final
2023-05-22T09:53:37.755-03:00  INFO 14184 --- [           main] org.hibernate.cfg.Environment            : HHH000406: Using bytecode reflection optimizer
2023-05-22T09:53:38.047-03:00  INFO 14184 --- [           main] o.h.b.i.BytecodeProviderInitiator        : HHH000021: Bytecode provider name : bytebuddy
2023-05-22T09:53:38.234-03:00  INFO 14184 --- [           main] o.s.o.j.p.SpringPersistenceUnitInfo      : No LoadTimeWeaver setup: ignoring JPA class transformer
2023-05-22T09:53:38.258-03:00  INFO 14184 --- [           main] com.zaxxer.hikari.HikariDataSource       : HikariPool-1 - Starting...
2023-05-22T09:53:40.001-03:00  INFO 14184 --- [           main] com.zaxxer.hikari.pool.HikariPool        : HikariPool-1 - Added connection com.mysql.cj.jdbc.ConnectionImpl@7c4b5ceb
2023-05-22T09:53:40.006-03:00  INFO 14184 --- [           main] com.zaxxer.hikari.HikariDataSource       : HikariPool-1 - Start completed.
2023-05-22T09:53:40.451-03:00  INFO 14184 --- [           main] org.hibernate.orm.dialect                : HHH035001: Using dialect: org.hibernate.dialect.MySQLDialect, version: 8.0
2023-05-22T09:53:40.713-03:00  INFO 14184 --- [           main] o.h.b.i.BytecodeProviderInitiator        : HHH000021: Bytecode provider name : bytebuddy
2023-05-22T09:53:41.544-03:00  INFO 14184 --- [           main] o.h.e.t.j.p.i.JtaPlatformInitiator       : HHH000490: Using JtaPlatform implementation: [org.hibernate.engine.transaction.jta.platform.internal.NoJtaPlatform]
Hibernate: alter table `skills` modify column `cantidad`  float(53) not null
2023-05-22T09:55:31.089-03:00  INFO 14184 --- [           main] j.LocalContainerEntityManagerFactoryBean : Initialized JPA EntityManagerFactory for persistence unit 'default'
2023-05-22T09:55:32.381-03:00  INFO 14184 --- [           main] c.p.app.PortfolioApplicationTests        : Started PortfolioApplicationTests in 116.577 seconds (process running for 117.769)
]]></system-out>
  </testcase>
</testsuite>