<?xml version="1.0" encoding="UTF-8"?>
<testsuite xmlns:xsi="http://www.w3.org/2001/XMLSchema-instance" xsi:noNamespaceSchemaLocation="https://maven.apache.org/surefire/maven-surefire-plugin/xsd/surefire-test-report-3.0.xsd" version="3.0" name="com.portfolio.app.PortfolioApplicationTests" time="17.76" tests="1" errors="0" skipped="0" failures="0">
  <properties>
[...]
</properties>
  <testcase name="contextLoads" classname="com.portfolio.app.PortfolioApplicationTests" time="0.614">
    <system-out><![CDATA[11:14:55.816 [main] INFO org.springframework.test.context.support.AnnotationConfigContextLoaderUtils -- Could not detect default configuration classes for test class [com.portfolio.app.PortfolioApplicationTests]: PortfolioApplicationTests does not declare any static, non-private, non-final, nested classes annotated with @Configuration.
11:14:55.944 [main] INFO org.springframework.boot.test.context.SpringBootTestContextBootstrapper -- Found @SpringBootConfiguration com.portfolio.app.PortfolioApplication for test class com.portfolio.app.PortfolioApplicationTests

  .   ____          _            __ _ _
 /\\ / ___'_ __ _ _(_)_ __  __ _ \ \ \ \
( ( )\___ | '_ | '_| | '_ \/ _` | \ \ \ \
 \\/  ___)| |_)| | | | | || (_| |  ) ) ) )
  '  |____| .__|_| |_|_| |_\__, | / / / /
 =========|_|==============|___/=/_/_/_/
 :: Spring Boot ::                (v3.1.0)

2023-05-20T11:14:56.492-03:00  INFO 4668 --- [           main] c.p.app.PortfolioApplicationTests        : Starting PortfolioApplicationTests using Java 17.0.7 with PID 4668 (started by dayor in C:\Users\dayor\OneDrive\Escritorio\Portfolio\Portfolio-BackEnd)
2023-05-20T11:14:56.494-03:00  INFO 4668 --- [           main] c.p.app.PortfolioApplicationTests        : No active profile set, falling back to 1 default profile: "default"
2023-05-20T11:14:57.545-03:00  INFO 4668 --- [           main] .s.d.r.c.RepositoryConfigurationDelegate : Bootstrapping Spring Data JPA repositories in DEFAULT mode.
2023-05-20T11:14:57.653-03:00  INFO 4668 --- [           main] .s.d.r.c.RepositoryConfigurationDelegate : Finished Spring Data repository scanning in 93 ms. Found 6 JPA repository interfaces.
2023-05-20T11:14:58.471-03:00  INFO 4668 --- [           main] o.hibernate.jpa.internal.util.LogHelper  : HHH000204: Processing PersistenceUnitInfo [name: default]
2023-05-20T11:14:58.570-03:00  INFO 4668 --- [           main] org.hibernate.Version                    : HHH000412: Hibernate ORM core version 6.2.2.Final
2023-05-20T11:14:58.574-03:00  INFO 4668 --- [           main] org.hibernate.cfg.Environment            : HHH000406: Using bytecode reflection optimizer
2023-05-20T11:14:58.880-03:00  INFO 4668 --- [           main] o.h.b.i.BytecodeProviderInitiator        : HHH000021: Bytecode provider name : bytebuddy
2023-05-20T11:14:59.127-03:00  INFO 4668 --- [           main] o.s.o.j.p.SpringPersistenceUnitInfo      : No LoadTimeWeaver setup: ignoring JPA class transformer
2023-05-20T11:14:59.164-03:00  INFO 4668 --- [           main] com.zaxxer.hikari.HikariDataSource       : HikariPool-1 - Starting...
2023-05-20T11:15:00.911-03:00  INFO 4668 --- [           main] com.zaxxer.hikari.pool.HikariPool        : HikariPool-1 - Added connection com.mysql.cj.jdbc.ConnectionImpl@650a1aff
2023-05-20T11:15:00.914-03:00  INFO 4668 --- [           main] com.zaxxer.hikari.HikariDataSource       : HikariPool-1 - Start completed.
2023-05-20T11:15:01.318-03:00  INFO 4668 --- [           main] org.hibernate.orm.dialect                : HHH035001: Using dialect: org.hibernate.dialect.MySQLDialect, version: 8.0
2023-05-20T11:15:01.633-03:00  INFO 4668 --- [           main] o.h.b.i.BytecodeProviderInitiator        : HHH000021: Bytecode provider name : bytebuddy
2023-05-20T11:15:02.569-03:00  INFO 4668 --- [           main] o.h.e.t.j.p.i.JtaPlatformInitiator       : HHH000490: Using JtaPlatform implementation: [org.hibernate.engine.transaction.jta.platform.internal.NoJtaPlatform]
Hibernate: create table `educacion` (`id` bigint not null auto_increment, `descripcion` varchar(255) not null, `institucion` varchar(255) not null, `periodo` varchar(255) not null, `titulo` varchar(255) not null, `userid_id` bigint not null, primary key (`id`)) engine=InnoDB
Hibernate: create table `exp` (`id` bigint not null auto_increment, `descripcion` varchar(255) not null, `periodo` varchar(255) not null, `titulo_empresa` varchar(255) not null, `titulo_puesto` varchar(255) not null, `userid_id` bigint not null, primary key (`id`)) engine=InnoDB
Hibernate: create table `info` (`id` bigint not null auto_increment, `descripcion` varchar(255) not null, `imagen` tinyblob not null, `nombrecompleto` varchar(255) not null, `titulo` varchar(255) not null, `urlbanner` varchar(255) not null, `userid_id` bigint not null, primary key (`id`)) engine=InnoDB
Hibernate: create table `proyectos` (`id` bigint not null auto_increment, `descripcion` varchar(255) not null, `titulo` varchar(255) not null, `url` varchar(255) not null, `userid_id` bigint not null, primary key (`id`)) engine=InnoDB
Hibernate: create table `skills` (`id` bigint not null auto_increment, `cantidad` float(53) not null, `nombre` varchar(255) not null, `userid_id` bigint not null, primary key (`id`)) engine=InnoDB
Hibernate: create table `user` (`id` bigint not null auto_increment, `pass` varchar(20) not null, `username` varchar(20) not null, primary key (`id`)) engine=InnoDB
Hibernate: alter table `info` drop index UK_qi2ipl5atyaifi1a1ip9ctf83
Hibernate: alter table `info` add constraint UK_qi2ipl5atyaifi1a1ip9ctf83 unique (`userid_id`)
Hibernate: alter table `educacion` add constraint `FKf91kvgnat3i7caw8xmhtyog48` foreign key (`userid_id`) references `user` (`id`)
Hibernate: alter table `exp` add constraint `FKlnjt3ncmon5478tmex3u2kts6` foreign key (`userid_id`) references `user` (`id`)
Hibernate: alter table `info` add constraint `FKhuc0l9iid9tf8feg3g1ipq6x4` foreign key (`userid_id`) references `user` (`id`)
Hibernate: alter table `proyectos` add constraint `FK35l1yf56pp834098v30j6612y` foreign key (`userid_id`) references `user` (`id`)
Hibernate: alter table `skills` add constraint `FK55q1b0jxbd1rxc04aa0dtpi5c` foreign key (`userid_id`) references `user` (`id`)
2023-05-20T11:15:10.250-03:00  INFO 4668 --- [           main] j.LocalContainerEntityManagerFactoryBean : Initialized JPA EntityManagerFactory for persistence unit 'default'
2023-05-20T11:15:12.372-03:00  INFO 4668 --- [           main] o.s.s.web.DefaultSecurityFilterChain     : Will secure any request with [org.springframework.security.web.session.DisableEncodeUrlFilter@56bf6f1e, org.springframework.security.web.context.request.async.WebAsyncManagerIntegrationFilter@4ac26092, org.springframework.security.web.context.SecurityContextHolderFilter@495e1ad1, org.springframework.security.web.header.HeaderWriterFilter@1454339d, org.springframework.security.web.authentication.logout.LogoutFilter@34766f4b, org.springframework.security.oauth2.server.resource.web.authentication.BearerTokenAuthenticationFilter@193792e6, org.springframework.security.web.authentication.www.BasicAuthenticationFilter@2c7ac998, org.springframework.security.web.savedrequest.RequestCacheAwareFilter@eef6e, org.springframework.security.web.servletapi.SecurityContextHolderAwareRequestFilter@4b3b2a4f, org.springframework.security.web.authentication.AnonymousAuthenticationFilter@308e465b, org.springframework.security.web.session.SessionManagementFilter@1be3e952, org.springframework.security.web.access.ExceptionTranslationFilter@1d01fa0c, org.springframework.security.web.access.intercept.AuthorizationFilter@5390862e]
2023-05-20T11:15:12.710-03:00  INFO 4668 --- [           main] c.p.app.PortfolioApplicationTests        : Started PortfolioApplicationTests in 16.545 seconds (process running for 17.804)
]]></system-out>
    <system-err><![CDATA[KEYS: 
	Public Key: Sun RSA public key, 2048 bits
  params: null
  modulus: 24838494784516552629266688220038001755970221192070282691522976494095761231902760440411710964739837322660392301608311018389869150282639944042143411862916904889278070179849414342786324257033095203170126390028142356736711456850931319855227864452713819502892421829470947016442684624346944936475332294793265954458822390318158849639980837357530884910435662305659993580351156119454636881649365808916575017492926020024975413360555525209142685801873412903319462438677557807449345484079772762515532124780688304845067577960407725211279826317577458122071445612657588429364423268314117641255509362233537983005488787116030204816433
  public exponent: 65537

Private Key: SunRsaSign RSA private CRT key, 2048 bits
  params: null
  modulus: 24838494784516552629266688220038001755970221192070282691522976494095761231902760440411710964739837322660392301608311018389869150282639944042143411862916904889278070179849414342786324257033095203170126390028142356736711456850931319855227864452713819502892421829470947016442684624346944936475332294793265954458822390318158849639980837357530884910435662305659993580351156119454636881649365808916575017492926020024975413360555525209142685801873412903319462438677557807449345484079772762515532124780688304845067577960407725211279826317577458122071445612657588429364423268314117641255509362233537983005488787116030204816433
  private exponent: 149452163561973041998781818740075357316288364690781006271631196588773189380761837338740223442672218506122465644356785402420084353288285262787207512467922438134264903910573961617184295873934579577695345221799860679308531330671487105954064440176594638509146156747405436727607793615832460339707941594012713551756573298681791549884945871788059514567651941052474138609212979461120965259127165667799743080402819438423891452496360449819977081048524492596290573044141650959102698463299685601714202016973620450751761527229242649280706871635901156616123607316806779033227274990017001443411309770265141741032469072664157757953

]]></system-err>
  </testcase>
</testsuite>